<?xml version="1.0" encoding="UTF-8"?><testsuite errors="0" failures="0" name="Create payment application" skipped="0" tests="4" time="66.34" timestamp="2022-11-05 07:04:55"><testcase name="Se realizará un pago por valor de $ 720.283.974,01 con el fin de simular la cancelación de 8 obligaciones que abarquen los 5 primeros escenarios de aplicaciones de pago"/><testcase name="se realizará un segundo pago para simular el escenario 6 de aplicaciones de pago"/><testcase name="se realizará un segundo pago para simular el escenario 7 de aplicaciones de pago"/><testcase name="se realizará un segundo pago para simular el escenario 8 de aplicaciones de pago"/></testsuite>