<?xml version="1.0" encoding="UTF-8"?><testsuite errors="0" failures="1" name="Create payment application" skipped="0" tests="2" time="125.8" timestamp="2022-12-19 05:47:17"><testcase name="Realizar un pago de forma manual uno a uno para cancelar 5 obligaciones que simulen el proceso de aplicacion de pago"/><testcase name="Realizar anulacion de un aplicacion de pago realizado de forma manual uno a uno que simulan el proceso de aplicacion de pago"><failure message="Expected enabled element was not enabled" type="net.thucydides.core.webdriver.exceptions.ElementShouldBeEnabledException">Expected enabled element was not enabled</failure><system-err>Expected enabled element was not enabled&#13;
co.com.bancolombia.certification.saf.tasks.collection.CollectionAnnulment.performAs(CollectionAnnulment.java:44)&#13;
co.com.bancolombia.certification.saf.stepdefinitions.createincome.CollectionStepDefinitions.elUsuarioBuscaYAnulaLaAplicacionDePagoConLosSiguientesDatos(CollectionStepDefinitions.java:130)&#13;
cucumber.runner.Runner.runPickle(Runner.java:80)&#13;
worker.org.gradle.process.internal.worker.GradleWorkerMain.run(GradleWorkerMain.java:69)&#13;
worker.org.gradle.process.internal.worker.GradleWorkerMain.main(GradleWorkerMain.java:74)&#13;
</system-err></testcase></testsuite>